[2024-08-08 06:26:47.919 PM] [32minfo[39m : [32mPostgres : Connection has been established successfully.[39m
[2024-08-08 06:26:48.264 PM] [32minfo[39m : [32mDatabase Migration  : postgres database migration has been executed successuly...[39m
[2024-08-08 06:28:58.078 PM] [32minfo[39m : [32mPostgres : Connection has been established successfully.[39m
[2024-08-08 06:28:58.269 PM] [32minfo[39m : [32mDatabase Migration  : postgres database migration has been executed successuly...[39m
[2024-08-08 06:30:06.376 PM] [32minfo[39m : [32mPostgres : Connection has been established successfully.[39m
[2024-08-08 06:30:06.511 PM] [32minfo[39m : [32mDatabase Migration  : postgres database migration has been executed successuly...[39m
[2024-08-08 06:33:04.662 PM] [32minfo[39m : [32mPostgres : Connection has been established successfully.[39m
[2024-08-08 06:33:04.914 PM] [32minfo[39m : [32mDatabase Migration  : postgres database migration has been executed successuly...[39m
[2024-08-08 06:34:55.676 PM] [32minfo[39m : [32mPostgres : Connection has been established successfully.[39m
[2024-08-08 06:34:55.749 PM] [32minfo[39m : [32mDatabase Migration  : postgres database migration has been executed successuly...[39m
[2024-08-08 06:34:55.770 PM] [32minfo[39m : [32mRedis : Connection has been established successfully.[39m
[2024-08-08 06:34:55.838 PM] [32minfo[39m : [32mRoute registed : AuthController[39m
[2024-08-08 06:34:55.842 PM] [32minfo[39m : [32mRoute registed : ProductController[39m
[2024-08-08 06:34:55.844 PM] [32minfo[39m : [32mRoute registed : SupplierController[39m
[2024-08-08 06:34:55.845 PM] [32minfo[39m : [32mServer : Router registration done...[39m
[2024-08-08 06:34:55.849 PM] [32minfo[39m : [32mServer : App initialization done...[39m
[2024-08-08 06:34:55.850 PM] [32minfo[39m : [32m"Product Inventory Service started : 3000[39m
[2024-08-08 06:35:43.102 PM] [32minfo[39m : [32mPostgres : Connection has been established successfully.[39m
[2024-08-08 06:35:43.244 PM] [32minfo[39m : [32mDatabase Migration  : postgres database migration has been executed successuly...[39m
[2024-08-08 06:35:43.266 PM] [32minfo[39m : [32mRedis : Connection has been established successfully.[39m
[2024-08-08 06:35:43.394 PM] [32minfo[39m : [32mRoute registed : AuthController[39m
[2024-08-08 06:35:43.398 PM] [32minfo[39m : [32mRoute registed : ProductController[39m
[2024-08-08 06:35:43.403 PM] [32minfo[39m : [32mRoute registed : SupplierController[39m
[2024-08-08 06:35:43.405 PM] [32minfo[39m : [32mServer : Router registration done...[39m
[2024-08-08 06:35:43.409 PM] [32minfo[39m : [32mServer : App initialization done...[39m
[2024-08-08 06:35:43.411 PM] [32minfo[39m : [32m"Product Inventory Service started : 3000[39m
[2024-08-08 06:41:25.537 PM] [32minfo[39m : [32mPostgres : Connection has been established successfully.[39m
[2024-08-08 06:41:25.700 PM] [32minfo[39m : [32mDatabase Migration  : postgres database migration has been executed successuly...[39m
[2024-08-08 06:44:12.724 PM] [32minfo[39m : [32mPostgres : Connection has been established successfully.[39m
[2024-08-08 06:44:12.950 PM] [32minfo[39m : [32mDatabase Migration  : postgres database migration has been executed successuly...[39m
[2024-08-08 06:44:13.071 PM] [32minfo[39m : [32mRedis : Connection has been established successfully.[39m
[2024-08-08 06:44:13.392 PM] [32minfo[39m : [32mRoute registed : AuthController[39m
[2024-08-08 06:44:13.401 PM] [32minfo[39m : [32mRoute registed : ProductController[39m
[2024-08-08 06:44:13.407 PM] [32minfo[39m : [32mRoute registed : SupplierController[39m
[2024-08-08 06:44:13.409 PM] [32minfo[39m : [32mServer : Router registration done...[39m
[2024-08-08 06:44:13.414 PM] [32minfo[39m : [32mServer : App initialization done...[39m
[2024-08-08 06:44:13.415 PM] [32minfo[39m : [32m"Product Inventory Service started : 3000[39m
[2024-08-08 06:49:54.125 PM] [31merror[39m : [31mDatabase Error : postgres database connection error... : {"name":"SequelizeConnectionError","parent":{},"original":{}}[39m
[2024-08-08 06:52:21.175 PM] [32minfo[39m : [32mPostgres : Connection has been established successfully.[39m
[2024-08-08 06:52:21.575 PM] [32minfo[39m : [32mDatabase Migration  : postgres database migration has been executed successuly...[39m
[2024-08-08 06:52:21.598 PM] [32minfo[39m : [32mRedis : Connection has been established successfully.[39m
[2024-08-08 06:52:21.755 PM] [32minfo[39m : [32mRoute registed : AuthController[39m
[2024-08-08 06:52:21.760 PM] [32minfo[39m : [32mRoute registed : ProductController[39m
[2024-08-08 06:52:21.761 PM] [32minfo[39m : [32mRoute registed : SupplierController[39m
[2024-08-08 06:52:21.762 PM] [32minfo[39m : [32mServer : Router registration done...[39m
[2024-08-08 06:52:21.768 PM] [32minfo[39m : [32mServer : App initialization done...[39m
[2024-08-08 06:52:21.769 PM] [32minfo[39m : [32m"Product Inventory Service started : 3000[39m
[2024-08-08 06:58:05.962 PM] [32minfo[39m : [32mPostgres : Connection has been established successfully.[39m
[2024-08-08 06:58:06.677 PM] [32minfo[39m : [32mDatabase Migration  : postgres database migration has been executed successuly...[39m
[2024-08-08 06:58:06.718 PM] [32minfo[39m : [32mRedis : Connection has been established successfully.[39m
[2024-08-08 06:58:06.879 PM] [32minfo[39m : [32mRoute registed : AuthController[39m
[2024-08-08 06:58:06.885 PM] [32minfo[39m : [32mRoute registed : ProductController[39m
[2024-08-08 06:58:06.887 PM] [32minfo[39m : [32mRoute registed : SupplierController[39m
[2024-08-08 06:58:06.889 PM] [32minfo[39m : [32mServer : Router registration done...[39m
[2024-08-08 06:58:06.895 PM] [32minfo[39m : [32mServer : App initialization done...[39m
[2024-08-08 06:58:06.896 PM] [32minfo[39m : [32m"Product Inventory Service started : 3000[39m
[2024-08-08 07:47:09.332 PM] [32minfo[39m : [32mPostgres : Connection has been established successfully.[39m
[2024-08-08 07:47:09.885 PM] [32minfo[39m : [32mDatabase Migration  : postgres database migration has been executed successuly...[39m
[2024-08-08 07:47:09.906 PM] [32minfo[39m : [32mRedis : Connection has been established successfully.[39m
[2024-08-08 07:47:10.118 PM] [32minfo[39m : [32mRoute registed : AuthController[39m
[2024-08-08 07:47:10.127 PM] [32minfo[39m : [32mRoute registed : ProductController[39m
[2024-08-08 07:47:10.133 PM] [32minfo[39m : [32mRoute registed : SupplierController[39m
[2024-08-08 07:47:10.135 PM] [32minfo[39m : [32mServer : Router registration done...[39m
[2024-08-08 07:47:10.146 PM] [32minfo[39m : [32mServer : App initialization done...[39m
[2024-08-08 07:47:10.150 PM] [32minfo[39m : [32m"Product Inventory Service started : 3000[39m
[2024-08-08 07:49:58.567 PM] [32minfo[39m : [32mPostgres : Connection has been established successfully.[39m
[2024-08-08 07:50:02.079 PM] [32minfo[39m : [32mDatabase Migration  : postgres database migration has been executed successuly...[39m
[2024-08-08 07:50:02.145 PM] [32minfo[39m : [32mRedis : Connection has been established successfully.[39m
[2024-08-08 07:50:02.487 PM] [32minfo[39m : [32mRoute registed : AuthController[39m
[2024-08-08 07:50:02.509 PM] [32minfo[39m : [32mRoute registed : ProductController[39m
[2024-08-08 07:50:02.513 PM] [32minfo[39m : [32mRoute registed : SupplierController[39m
[2024-08-08 07:50:02.515 PM] [32minfo[39m : [32mServer : Router registration done...[39m
[2024-08-08 07:50:02.534 PM] [32minfo[39m : [32mServer : App initialization done...[39m
[2024-08-08 07:50:02.536 PM] [32minfo[39m : [32m"Product Inventory Service started : 3000[39m
[2024-08-08 07:52:39.987 PM] [32minfo[39m : [32mPostgres : Connection has been established successfully.[39m
[2024-08-08 07:52:40.119 PM] [32minfo[39m : [32mDatabase Migration  : postgres database migration has been executed successuly...[39m
[2024-08-08 07:52:40.142 PM] [32minfo[39m : [32mRedis : Connection has been established successfully.[39m
[2024-08-08 07:52:40.320 PM] [32minfo[39m : [32mRoute registed : AuthController[39m
[2024-08-08 07:52:40.329 PM] [32minfo[39m : [32mRoute registed : ProductController[39m
[2024-08-08 07:52:40.333 PM] [32minfo[39m : [32mRoute registed : SupplierController[39m
[2024-08-08 07:52:40.335 PM] [32minfo[39m : [32mServer : Router registration done...[39m
[2024-08-08 07:52:40.342 PM] [32minfo[39m : [32mServer : App initialization done...[39m
[2024-08-08 07:52:40.344 PM] [32minfo[39m : [32m"Product Inventory Service started : 3000[39m
[2024-08-08 07:52:46.443 PM] [32minfo[39m : [32mPOST /api/v1/auth/login : { params : {}, query : {}, body : {"username":"test2@gmail.com","password":"32dsdsdsds"}}[39m
[2024-08-08 07:52:46.463 PM] [31merror[39m : [31mPOST /api/v1/auth/login : {"success":false,"error":{"name":"ObjectNotFoundError","message":"Invalid username or password.","status":404}} : ""[39m
[2024-08-08 07:52:54.533 PM] [32minfo[39m : [32mPOST /api/v1/auth/signup : { params : {}, query : {}, body : {"username":"test2@gmail.com","password":"32dsdsdsds","confirmPassword":"dsd"}}[39m
[2024-08-08 07:52:54.535 PM] [31merror[39m : [31mPOST /api/v1/auth/signup : {"success":false,"error":{"name":"ValidationError","message":"password does not matched!!","status":400}} : ""[39m
[2024-08-08 07:53:22.147 PM] [32minfo[39m : [32mPOST /api/v1/auth/signup : { params : {}, query : {}, body : {"username":"test2@gmail.com","password":"dsd","confirmPassword":"dsd"}}[39m
[2024-08-08 07:53:22.347 PM] [32minfo[39m : [32mPOST /api/v1/auth/signup : {"success":true,"data":{"user":{"id":1,"username":"test2@gmail.com"},"accessToken":"eyJhbGciOiJIUzI1NiIsInR5cCI6IkpXVCJ9.eyJpZCI6MSwidXNlcm5hbWUiOiJ0ZXN0MkBnbWFpbC5jb20iLCJpYXQiOjE3MjMxNDY4MDIsImV4cCI6MTcyMzE0NjkyMn0.Zju4fi1YkgfaHSbTqFAnT5aSZuxU6xhh9bVUBkMqTUA","refreshToken":"eyJhbGciOiJIUzI1NiIsInR5cCI6IkpXVCJ9.eyJpZCI6MSwidXNlcm5hbWUiOiJ0ZXN0MkBnbWFpbC5jb20iLCJpYXQiOjE3MjMxNDY4MDIsImV4cCI6MTcyMzE0NzQwMn0.PJEzV_rwgH3Ee1vGlyvYBvWKsH6aaySumUoyCI56M6w"}}[39m
[2024-08-08 07:53:35.054 PM] [32minfo[39m : [32mPOST /api/v1/auth/login : { params : {}, query : {}, body : {"username":"test2@gmail.com","password":"dsd"}}[39m
[2024-08-08 07:53:35.166 PM] [31merror[39m : [31mReferenceError: id is not defined : ""[39m
[2024-08-08 07:53:35.166 PM] [31merror[39m : [31mPOST /api/v1/auth/login : {"success":false,"error":{"name":"UnknownError","message":"error while login.","status":501}} : ""[39m
[2024-08-08 07:54:34.382 PM] [32minfo[39m : [32mPostgres : Connection has been established successfully.[39m
[2024-08-08 07:54:34.499 PM] [32minfo[39m : [32mDatabase Migration  : postgres database migration has been executed successuly...[39m
[2024-08-08 07:54:34.521 PM] [32minfo[39m : [32mRedis : Connection has been established successfully.[39m
[2024-08-08 07:54:34.639 PM] [32minfo[39m : [32mRoute registed : AuthController[39m
[2024-08-08 07:54:34.647 PM] [32minfo[39m : [32mRoute registed : ProductController[39m
[2024-08-08 07:54:34.652 PM] [32minfo[39m : [32mRoute registed : SupplierController[39m
[2024-08-08 07:54:34.653 PM] [32minfo[39m : [32mServer : Router registration done...[39m
[2024-08-08 07:54:34.658 PM] [32minfo[39m : [32mServer : App initialization done...[39m
[2024-08-08 07:54:34.661 PM] [32minfo[39m : [32m"Product Inventory Service started : 3000[39m
[2024-08-08 07:54:52.942 PM] [32minfo[39m : [32mPOST /api/v1/auth/login : { params : {}, query : {}, body : {"username":"test2@gmail.com","password":"dsd"}}[39m
[2024-08-08 07:54:53.357 PM] [31merror[39m : [31mReferenceError: id is not defined : ""[39m
[2024-08-08 07:54:53.363 PM] [31merror[39m : [31mPOST /api/v1/auth/login : {"success":false,"error":{"name":"UnknownError","message":"error while login.","status":501}} : ""[39m
[2024-08-09 01:26:23.799 AM] [32minfo[39m : [32mPostgres : Connection has been established successfully.[39m
[2024-08-09 01:26:24.050 AM] [32minfo[39m : [32mDatabase Migration  : postgres database migration has been executed successuly...[39m
[2024-08-09 01:26:26.662 AM] [32minfo[39m : [32mRoute registed : AuthController[39m
[2024-08-09 01:26:26.828 AM] [32minfo[39m : [32mRoute registed : ProductController[39m
[2024-08-09 01:26:26.900 AM] [32minfo[39m : [32mRoute registed : SupplierController[39m
[2024-08-09 01:26:26.901 AM] [32minfo[39m : [32mServer : Router registration done...[39m
[2024-08-09 01:26:26.909 AM] [32minfo[39m : [32mServer : App initialization done...[39m
[2024-08-09 01:26:26.911 AM] [32minfo[39m : [32m"Product Inventory Service started : 3000[39m
[2024-08-09 01:26:32.936 AM] [32minfo[39m : [32mPOST /api/v1/auth/login : { params : {}, query : {}, body : {"username":"test2@gmail.com","password":"dsd"}}[39m
[2024-08-09 01:26:33.236 AM] [31merror[39m : [31mPOST /api/v1/auth/login : {"success":false,"error":{"name":"ValidationError","message":"Invalid username or password.","status":400}} : ""[39m
[2024-08-08 07:57:36.643 PM] [32minfo[39m : [32mPostgres : Connection has been established successfully.[39m
[2024-08-08 07:57:36.792 PM] [32minfo[39m : [32mDatabase Migration  : postgres database migration has been executed successuly...[39m
[2024-08-08 07:57:36.815 PM] [32minfo[39m : [32mRedis : Connection has been established successfully.[39m
[2024-08-08 07:57:36.962 PM] [32minfo[39m : [32mRoute registed : AuthController[39m
[2024-08-08 07:57:36.970 PM] [32minfo[39m : [32mRoute registed : ProductController[39m
[2024-08-08 07:57:36.972 PM] [32minfo[39m : [32mRoute registed : SupplierController[39m
[2024-08-08 07:57:36.973 PM] [32minfo[39m : [32mServer : Router registration done...[39m
[2024-08-08 07:57:36.979 PM] [32minfo[39m : [32mServer : App initialization done...[39m
[2024-08-08 07:57:36.980 PM] [32minfo[39m : [32m"Product Inventory Service started : 3000[39m
[2024-08-08 07:57:48.398 PM] [32minfo[39m : [32mPOST /api/v1/auth/login : { params : {}, query : {}, body : {"username":"test2@gmail.com","password":"dsd"}}[39m
[2024-08-08 07:57:48.719 PM] [32minfo[39m : [32m1_test2@gmail.com[39m
[2024-08-08 07:57:48.720 PM] [32minfo[39m : [32mPOST /api/v1/auth/login : {"success":true,"data":{"user":{"id":1,"username":"test2@gmail.com"},"accessToken":"eyJhbGciOiJIUzI1NiIsInR5cCI6IkpXVCJ9.eyJpZCI6MSwidXNlcm5hbWUiOiJ0ZXN0MkBnbWFpbC5jb20iLCJpYXQiOjE3MjMxNDcwNjgsImV4cCI6MTcyMzE0NzE4OH0.XFWS0ME0jTK00k8Q9Irehp_vRF1djMIgQIKqsRqoMwU","refreshToken":"eyJhbGciOiJIUzI1NiIsInR5cCI6IkpXVCJ9.eyJpZCI6MSwidXNlcm5hbWUiOiJ0ZXN0MkBnbWFpbC5jb20iLCJpYXQiOjE3MjMxNDcwNjgsImV4cCI6MTcyMzE0NzY2OH0.AbrOdGOGYZqNxNfRAwSMjAeuTXs9QC2dMpCpXbqO_eA"}}[39m
[2024-08-08 08:04:28.659 PM] [32minfo[39m : [32mPostgres : Connection has been established successfully.[39m
[2024-08-08 08:04:28.818 PM] [32minfo[39m : [32mDatabase Migration  : postgres database migration has been executed successuly...[39m
[2024-08-08 08:04:28.860 PM] [32minfo[39m : [32mRedis : Connection has been established successfully.[39m
[2024-08-08 08:04:29.027 PM] [32minfo[39m : [32mRoute registed : AuthController[39m
[2024-08-08 08:04:29.032 PM] [32minfo[39m : [32mRoute registed : ProductController[39m
[2024-08-08 08:04:29.035 PM] [32minfo[39m : [32mRoute registed : SupplierController[39m
[2024-08-08 08:04:29.037 PM] [32minfo[39m : [32mServer : Router registration done...[39m
[2024-08-08 08:04:29.044 PM] [32minfo[39m : [32mServer : App initialization done...[39m
[2024-08-08 08:04:29.046 PM] [32minfo[39m : [32m"Product Inventory Service started : 3000[39m
[2024-08-08 08:04:39.155 PM] [32minfo[39m : [32mPOST /api/v1/auth/login : { params : {}, query : {}, body : {"username":"test2@gmail.com","password":"dsd"}}[39m
[2024-08-08 08:04:40.373 PM] [32minfo[39m : [32m1_test2@gmail.com[39m
[2024-08-08 08:04:40.377 PM] [32minfo[39m : [32mPromise { <pending> }[39m
[2024-08-08 08:04:40.379 PM] [32minfo[39m : [32mPOST /api/v1/auth/login : {"success":true,"data":{"user":{"id":1,"username":"test2@gmail.com"},"accessToken":"eyJhbGciOiJIUzI1NiIsInR5cCI6IkpXVCJ9.eyJpZCI6MSwidXNlcm5hbWUiOiJ0ZXN0MkBnbWFpbC5jb20iLCJpYXQiOjE3MjMxNDc0ODAsImV4cCI6MTcyMzE0NzYwMH0.opozj4Qkm6cmDmEXd33w2n1Eq9VateKuQQspDDsRsPY","refreshToken":"eyJhbGciOiJIUzI1NiIsInR5cCI6IkpXVCJ9.eyJpZCI6MSwidXNlcm5hbWUiOiJ0ZXN0MkBnbWFpbC5jb20iLCJpYXQiOjE3MjMxNDc0ODAsImV4cCI6MTcyMzE0ODA4MH0.wYExFwsll0i4XIcOFiIED4JXedCM4YJDbfnixmkLois"}}[39m
[2024-08-08 08:06:15.216 PM] [32minfo[39m : [32mPostgres : Connection has been established successfully.[39m
[2024-08-08 08:06:15.377 PM] [32minfo[39m : [32mDatabase Migration  : postgres database migration has been executed successuly...[39m
[2024-08-08 08:06:15.426 PM] [32minfo[39m : [32mRedis : Connection has been established successfully.[39m
[2024-08-08 08:06:15.565 PM] [32minfo[39m : [32mRoute registed : AuthController[39m
[2024-08-08 08:06:15.572 PM] [32minfo[39m : [32mRoute registed : ProductController[39m
[2024-08-08 08:06:15.576 PM] [32minfo[39m : [32mRoute registed : SupplierController[39m
[2024-08-08 08:06:15.580 PM] [32minfo[39m : [32mServer : Router registration done...[39m
[2024-08-08 08:06:15.585 PM] [32minfo[39m : [32mServer : App initialization done...[39m
[2024-08-08 08:06:15.586 PM] [32minfo[39m : [32m"Product Inventory Service started : 3000[39m
[2024-08-08 08:06:20.017 PM] [32minfo[39m : [32mPOST /api/v1/auth/login : { params : {}, query : {}, body : {"username":"test2@gmail.com","password":"dsd"}}[39m
[2024-08-08 08:06:20.180 PM] [32minfo[39m : [32m1_test2@gmail.com[39m
[2024-08-08 08:06:20.181 PM] [32minfo[39m : [32mPromise { <pending> }[39m
[2024-08-08 08:06:20.183 PM] [32minfo[39m : [32mPOST /api/v1/auth/login : {"success":true,"data":{"user":{"id":1,"username":"test2@gmail.com"},"accessToken":"eyJhbGciOiJIUzI1NiIsInR5cCI6IkpXVCJ9.eyJpZCI6MSwidXNlcm5hbWUiOiJ0ZXN0MkBnbWFpbC5jb20iLCJpYXQiOjE3MjMxNDc1ODAsImV4cCI6MTcyMzE0NzcwMH0.G_vO05Ipm1wwyGjiWQQnbEJ7HhLoqHf0s26zL4zg7oU","refreshToken":"eyJhbGciOiJIUzI1NiIsInR5cCI6IkpXVCJ9.eyJpZCI6MSwidXNlcm5hbWUiOiJ0ZXN0MkBnbWFpbC5jb20iLCJpYXQiOjE3MjMxNDc1ODAsImV4cCI6MTcyMzE0ODE4MH0.0ZuKNorbuoKOdQF6BkeQk3EkuwVxIjMSFW-aTL9fLSo"}}[39m
[2024-08-08 08:09:07.309 PM] [32minfo[39m : [32mPostgres : Connection has been established successfully.[39m
[2024-08-08 08:09:07.462 PM] [32minfo[39m : [32mDatabase Migration  : postgres database migration has been executed successuly...[39m
[2024-08-08 08:09:07.493 PM] [32minfo[39m : [32mRedis : Connection has been established successfully.[39m
[2024-08-08 08:09:07.678 PM] [32minfo[39m : [32mRoute registed : AuthController[39m
[2024-08-08 08:09:07.685 PM] [32minfo[39m : [32mRoute registed : ProductController[39m
[2024-08-08 08:09:07.687 PM] [32minfo[39m : [32mRoute registed : SupplierController[39m
[2024-08-08 08:09:07.689 PM] [32minfo[39m : [32mServer : Router registration done...[39m
[2024-08-08 08:09:07.693 PM] [32minfo[39m : [32mServer : App initialization done...[39m
[2024-08-08 08:09:07.695 PM] [32minfo[39m : [32m"Product Inventory Service started : 3000[39m
[2024-08-08 08:09:13.261 PM] [32minfo[39m : [32mPOST /api/v1/auth/login : { params : {}, query : {}, body : {"username":"test2@gmail.com","password":"dsd"}}[39m
[2024-08-08 08:09:14.411 PM] [32minfo[39m : [32m1_test2@gmail.com[39m
[2024-08-08 08:09:14.448 PM] [32minfo[39m : [32meyJhbGciOiJIUzI1NiIsInR5cCI6IkpXVCJ9.eyJpZCI6MSwidXNlcm5hbWUiOiJ0ZXN0MkBnbWFpbC5jb20iLCJpYXQiOjE3MjMxNDc3NTQsImV4cCI6MTcyMzE0ODM1NH0.C4uej_AsCD1Jb-BVbChY1hGm-9TbFZvggNHhJDPN4VM[39m
[2024-08-08 08:09:14.471 PM] [32minfo[39m : [32mPOST /api/v1/auth/login : {"success":true,"data":{"user":{"id":1,"username":"test2@gmail.com"},"accessToken":"eyJhbGciOiJIUzI1NiIsInR5cCI6IkpXVCJ9.eyJpZCI6MSwidXNlcm5hbWUiOiJ0ZXN0MkBnbWFpbC5jb20iLCJpYXQiOjE3MjMxNDc3NTQsImV4cCI6MTcyMzE0Nzg3NH0.GZqAosqzo3HgSzzbG3Mn_oq-cQu1vjmfVi1VHmthfJM","refreshToken":"eyJhbGciOiJIUzI1NiIsInR5cCI6IkpXVCJ9.eyJpZCI6MSwidXNlcm5hbWUiOiJ0ZXN0MkBnbWFpbC5jb20iLCJpYXQiOjE3MjMxNDc3NTQsImV4cCI6MTcyMzE0ODM1NH0.C4uej_AsCD1Jb-BVbChY1hGm-9TbFZvggNHhJDPN4VM"}}[39m
